[2022-10-02T11:22:49.819] [ERROR] default - TypeError: Cannot read properties of undefined (reading 'password')
    at model.Schema.methods.comparePassword (file:///Users/victorvega/Documents/Desafio_1/Desafio20/src/models/users.model.js:50:55)
    at UserService.loginUser (file:///Users/victorvega/Documents/Desafio_1/Desafio20/src/services/user.service.js:43:31)
    at processTicksAndRejections (node:internal/process/task_queues:96:5)
    at async logIn (file:///Users/victorvega/Documents/Desafio_1/Desafio20/src/controllers/user.controller.js:42:24)
[2022-10-02T11:23:02.848] [ERROR] default - TypeError: Cannot read properties of undefined (reading 'password')
    at model.Schema.methods.comparePassword (file:///Users/victorvega/Documents/Desafio_1/Desafio20/src/models/users.model.js:50:55)
    at UserService.loginUser (file:///Users/victorvega/Documents/Desafio_1/Desafio20/src/services/user.service.js:43:31)
    at processTicksAndRejections (node:internal/process/task_queues:96:5)
    at async logIn (file:///Users/victorvega/Documents/Desafio_1/Desafio20/src/controllers/user.controller.js:42:24)
[2022-10-02T11:23:10.869] [ERROR] default - TypeError: Cannot read properties of undefined (reading 'password')
    at model.Schema.methods.comparePassword (file:///Users/victorvega/Documents/Desafio_1/Desafio20/src/models/users.model.js:50:55)
    at UserService.loginUser (file:///Users/victorvega/Documents/Desafio_1/Desafio20/src/services/user.service.js:43:31)
    at processTicksAndRejections (node:internal/process/task_queues:96:5)
    at async logIn (file:///Users/victorvega/Documents/Desafio_1/Desafio20/src/controllers/user.controller.js:42:24)
[2022-10-02T11:23:22.837] [ERROR] default - TypeError: Cannot read properties of undefined (reading 'password')
    at model.Schema.methods.comparePassword (file:///Users/victorvega/Documents/Desafio_1/Desafio20/src/models/users.model.js:50:55)
    at UserService.loginUser (file:///Users/victorvega/Documents/Desafio_1/Desafio20/src/services/user.service.js:43:31)
    at processTicksAndRejections (node:internal/process/task_queues:96:5)
    at async logIn (file:///Users/victorvega/Documents/Desafio_1/Desafio20/src/controllers/user.controller.js:42:24)
