[2022-11-10T10:03:18.878] [ERROR] error - Error: Error in search of user from 'findUser' function. normalizeUserData is not a function
    at UsersDAOMongoDB.findUser (/Users/victorvega/Documents/Desafio_1/EntregaFinal/src/db/daos/usuarios/usersMongoDB.dao.js:25:19)
    at processTicksAndRejections (node:internal/process/task_queues:96:5)
[2022-11-10T10:26:56.695] [ERROR] error - Error: Error in search of user from 'findUser' function. normalizeUserData is not a function
    at UsersDAOMongoDB.findUser (/Users/victorvega/Documents/Desafio_1/EntregaFinal/src/db/daos/usuarios/usersMongoDB.dao.js:25:19)
    at processTicksAndRejections (node:internal/process/task_queues:96:5)
[2022-11-10T10:27:29.613] [ERROR] error - Error: Error in search of user from 'findUser' function. normalizeUserData is not a function
    at UsersDAOMongoDB.findUser (/Users/victorvega/Documents/Desafio_1/EntregaFinal/src/db/daos/usuarios/usersMongoDB.dao.js:25:19)
    at processTicksAndRejections (node:internal/process/task_queues:96:5)
[2022-11-12T15:09:25.791] [ERROR] error - Error: The product with id: 636fe0cec5af5271c6ea4fec was not found. this.collection.findOneAdnUpdate is not a function
    at ProductsDAOMongoDB.modifyById (/Users/victorvega/Documents/Desafio_1/EntregaFinal/src/db/daos/productos/productsMongoDB.dao.js:26:19)
    at editItem (/Users/victorvega/Documents/Desafio_1/EntregaFinal/src/services/product.service.js:27:26)
    at editProduct (/Users/victorvega/Documents/Desafio_1/EntregaFinal/src/controllers/product.controller.js:72:34)
    at Layer.handle [as handle_request] (/Users/victorvega/Documents/Desafio_1/EntregaFinal/node_modules/express/lib/router/layer.js:95:5)
    at next (/Users/victorvega/Documents/Desafio_1/EntregaFinal/node_modules/express/lib/router/route.js:144:13)
    at validateSession (/Users/victorvega/Documents/Desafio_1/EntregaFinal/src/utils/sessions/session.validator.js:3:16)
    at Layer.handle [as handle_request] (/Users/victorvega/Documents/Desafio_1/EntregaFinal/node_modules/express/lib/router/layer.js:95:5)
    at next (/Users/victorvega/Documents/Desafio_1/EntregaFinal/node_modules/express/lib/router/route.js:144:13)
    at Route.dispatch (/Users/victorvega/Documents/Desafio_1/EntregaFinal/node_modules/express/lib/router/route.js:114:3)
    at Layer.handle [as handle_request] (/Users/victorvega/Documents/Desafio_1/EntregaFinal/node_modules/express/lib/router/layer.js:95:5)
[2022-11-12T15:28:09.975] [ERROR] error - Error: Error while retrieving read getById function. The id undefined does not exist
    at CartsDAOMongoDB.getById (/Users/victorvega/Documents/Desafio_1/EntregaFinal/src/db/containers/mongoDB.container.js:35:19)
    at processTicksAndRejections (node:internal/process/task_queues:96:5)
    at async getItemById (/Users/victorvega/Documents/Desafio_1/EntregaFinal/src/services/cart.service.js:33:18)
    at async finishPursache (/Users/victorvega/Documents/Desafio_1/EntregaFinal/src/controllers/cart.controller.js:189:48)
[2022-11-12T15:34:21.809] [ERROR] error - Error: Error while retrieving read getById function. The id undefined does not exist
    at CartsDAOMongoDB.getById (/Users/victorvega/Documents/Desafio_1/EntregaFinal/src/db/containers/mongoDB.container.js:35:19)
    at runMicrotasks (<anonymous>)
    at processTicksAndRejections (node:internal/process/task_queues:96:5)
    at async getItemById (/Users/victorvega/Documents/Desafio_1/EntregaFinal/src/services/cart.service.js:33:18)
    at async finishPursache (/Users/victorvega/Documents/Desafio_1/EntregaFinal/src/controllers/cart.controller.js:189:48)
[2022-11-12T15:57:38.175] [ERROR] error - Error: Error while retrieving read getById function. The id undefined does not exist
    at CartsDAOMongoDB.getById (/Users/victorvega/Documents/Desafio_1/EntregaFinal/src/db/containers/mongoDB.container.js:35:19)
    at processTicksAndRejections (node:internal/process/task_queues:96:5)
    at async getItemById (/Users/victorvega/Documents/Desafio_1/EntregaFinal/src/services/cart.service.js:33:18)
    at async finishPursache (/Users/victorvega/Documents/Desafio_1/EntregaFinal/src/controllers/cart.controller.js:189:48)
