[2022-09-21T09:24:35.714] [ERROR] default - CastError: Cast to ObjectId failed for value "login" (type string) at path "_id" for model "productos"
    at model.Query.exec (/Users/victorvega/Documents/Desafio_1/Entrega_3/node_modules/mongoose/lib/query.js:4884:21)
    at model.Query.Query.then (/Users/victorvega/Documents/Desafio_1/Entrega_3/node_modules/mongoose/lib/query.js:4983:15)
    at processTicksAndRejections (node:internal/process/task_queues:96:5) {
  messageFormat: undefined,
  stringValue: '"login"',
  kind: 'ObjectId',
  value: 'login',
  path: '_id',
  reason: BSONTypeError: Argument passed in must be a string of 12 bytes or a string of 24 hex characters or an integer
      at new BSONTypeError (/Users/victorvega/Documents/Desafio_1/Entrega_3/node_modules/bson/lib/error.js:41:28)
      at new ObjectId (/Users/victorvega/Documents/Desafio_1/Entrega_3/node_modules/bson/lib/objectid.js:67:23)
      at castObjectId (/Users/victorvega/Documents/Desafio_1/Entrega_3/node_modules/mongoose/lib/cast/objectid.js:25:12)
      at ObjectId.cast (/Users/victorvega/Documents/Desafio_1/Entrega_3/node_modules/mongoose/lib/schema/objectid.js:246:12)
      at ObjectId.SchemaType.applySetters (/Users/victorvega/Documents/Desafio_1/Entrega_3/node_modules/mongoose/lib/schematype.js:1201:12)
      at ObjectId.SchemaType._castForQuery (/Users/victorvega/Documents/Desafio_1/Entrega_3/node_modules/mongoose/lib/schematype.js:1648:15)
      at ObjectId.SchemaType.castForQuery (/Users/victorvega/Documents/Desafio_1/Entrega_3/node_modules/mongoose/lib/schematype.js:1636:15)
      at ObjectId.SchemaType.castForQueryWrapper (/Users/victorvega/Documents/Desafio_1/Entrega_3/node_modules/mongoose/lib/schematype.js:1612:20)
      at cast (/Users/victorvega/Documents/Desafio_1/Entrega_3/node_modules/mongoose/lib/cast.js:347:32)
      at model.Query.Query.cast (/Users/victorvega/Documents/Desafio_1/Entrega_3/node_modules/mongoose/lib/query.js:5312:12),
  valueType: 'string'
}
[2022-09-21T09:29:59.745] [ERROR] default - Error: Invalid login: 535-5.7.8 Username and Password not accepted. Learn more at
535 5.7.8  https://support.google.com/mail/?p=BadCredentials s184-20020aca5ec1000000b00349a06c581fsm1184399oib.3 - gsmtp
    at SMTPConnection._formatError (/Users/victorvega/Documents/Desafio_1/Entrega_3/node_modules/nodemailer/lib/smtp-connection/index.js:784:19)
    at SMTPConnection._actionAUTHComplete (/Users/victorvega/Documents/Desafio_1/Entrega_3/node_modules/nodemailer/lib/smtp-connection/index.js:1536:34)
    at SMTPConnection.<anonymous> (/Users/victorvega/Documents/Desafio_1/Entrega_3/node_modules/nodemailer/lib/smtp-connection/index.js:540:26)
    at SMTPConnection._processResponse (/Users/victorvega/Documents/Desafio_1/Entrega_3/node_modules/nodemailer/lib/smtp-connection/index.js:947:20)
    at SMTPConnection._onData (/Users/victorvega/Documents/Desafio_1/Entrega_3/node_modules/nodemailer/lib/smtp-connection/index.js:749:14)
    at TLSSocket.SMTPConnection._onSocketData (/Users/victorvega/Documents/Desafio_1/Entrega_3/node_modules/nodemailer/lib/smtp-connection/index.js:189:44)
    at TLSSocket.emit (node:events:520:28)
    at addChunk (node:internal/streams/readable:315:12)
    at readableAddChunk (node:internal/streams/readable:289:9)
    at TLSSocket.Readable.push (node:internal/streams/readable:228:10) {
  code: 'EAUTH',
  response: '535-5.7.8 Username and Password not accepted. Learn more at\n' +
    '535 5.7.8  https://support.google.com/mail/?p=BadCredentials s184-20020aca5ec1000000b00349a06c581fsm1184399oib.3 - gsmtp',
  responseCode: 535,
  command: 'AUTH PLAIN'
}
