[2022-09-06T15:23:38.315] [ERROR] error - Error: listen EADDRINUSE: address already in use :::8080
    at Server.setupListenHandle [as _listen2] (node:net:1330:16)
    at listenInCluster (node:net:1378:12)
    at Server.listen (node:net:1465:7)
    at Object.<anonymous> (/Users/victorvega/Documents/Desafio_1/Desafio16/server.js:326:31)
    at Module._compile (node:internal/modules/cjs/loader:1103:14)
    at Object.Module._extensions..js (node:internal/modules/cjs/loader:1155:10)
    at Module.load (node:internal/modules/cjs/loader:981:32)
    at Function.Module._load (node:internal/modules/cjs/loader:822:12)
    at Function.executeUserEntryPoint [as runMain] (node:internal/modules/run_main:77:12)
    at node:internal/main/run_main_module:17:47 {
  code: 'EADDRINUSE',
  errno: -48,
  syscall: 'listen',
  address: '::',
  port: 8080
}
[2022-09-06T15:40:41.482] [ERROR] error - Error
[2022-09-06T15:41:23.551] [ERROR] error - Error
[2022-09-06T15:43:30.581] [ERROR] error - Error
[2022-09-06T15:45:24.131] [ERROR] error - Error
[2022-09-06T20:03:21.332] [ERROR] error - Error: listen EADDRINUSE: address already in use :::8080
    at Server.setupListenHandle [as _listen2] (node:net:1330:16)
    at listenInCluster (node:net:1378:12)
    at Server.listen (node:net:1465:7)
    at Object.<anonymous> (/Users/victorvega/Documents/Desafio_1/Desafio16/server.js:326:31)
    at Module._compile (node:internal/modules/cjs/loader:1103:14)
    at Object.Module._extensions..js (node:internal/modules/cjs/loader:1155:10)
    at Module.load (node:internal/modules/cjs/loader:981:32)
    at Function.Module._load (node:internal/modules/cjs/loader:822:12)
    at Function.executeUserEntryPoint [as runMain] (node:internal/modules/run_main:77:12)
    at node:internal/main/run_main_module:17:47 {
  code: 'EADDRINUSE',
  errno: -48,
  syscall: 'listen',
  address: '::',
  port: 8080
}
[2022-09-06T22:50:31.983] [ERROR] error - Error: listen EADDRINUSE: address already in use :::8080
    at Server.setupListenHandle [as _listen2] (node:net:1330:16)
    at listenInCluster (node:net:1378:12)
    at Server.listen (node:net:1465:7)
    at Object.<anonymous> (/Users/victorvega/Documents/Desafio_1/Desafio16/server.js:326:31)
    at Module._compile (node:internal/modules/cjs/loader:1103:14)
    at Object.Module._extensions..js (node:internal/modules/cjs/loader:1155:10)
    at Module.load (node:internal/modules/cjs/loader:981:32)
    at Function.Module._load (node:internal/modules/cjs/loader:822:12)
    at Function.executeUserEntryPoint [as runMain] (node:internal/modules/run_main:77:12)
    at node:internal/main/run_main_module:17:47 {
  code: 'EADDRINUSE',
  errno: -48,
  syscall: 'listen',
  address: '::',
  port: 8080
}
[2022-09-06T22:51:34.609] [ERROR] error - Error: listen EADDRINUSE: address already in use :::8080
    at Server.setupListenHandle [as _listen2] (node:net:1330:16)
    at listenInCluster (node:net:1378:12)
    at Server.listen (node:net:1465:7)
    at Object.<anonymous> (/Users/victorvega/Documents/Desafio_1/Desafio16/server.js:326:31)
    at Module._compile (node:internal/modules/cjs/loader:1103:14)
    at Object.Module._extensions..js (node:internal/modules/cjs/loader:1155:10)
    at Module.load (node:internal/modules/cjs/loader:981:32)
    at Function.Module._load (node:internal/modules/cjs/loader:822:12)
    at Function.executeUserEntryPoint [as runMain] (node:internal/modules/run_main:77:12)
    at node:internal/main/run_main_module:17:47 {
  code: 'EADDRINUSE',
  errno: -48,
  syscall: 'listen',
  address: '::',
  port: 8080
}
[2022-09-06T22:55:53.547] [ERROR] error - Error: listen EADDRINUSE: address already in use :::8080
    at Server.setupListenHandle [as _listen2] (node:net:1330:16)
    at listenInCluster (node:net:1378:12)
    at Server.listen (node:net:1465:7)
    at Object.<anonymous> (/Users/victorvega/Documents/Desafio_1/Desafio16/server.js:326:31)
    at Module._compile (node:internal/modules/cjs/loader:1103:14)
    at Object.Module._extensions..js (node:internal/modules/cjs/loader:1155:10)
    at Module.load (node:internal/modules/cjs/loader:981:32)
    at Function.Module._load (node:internal/modules/cjs/loader:822:12)
    at Function.executeUserEntryPoint [as runMain] (node:internal/modules/run_main:77:12)
    at node:internal/main/run_main_module:17:47 {
  code: 'EADDRINUSE',
  errno: -48,
  syscall: 'listen',
  address: '::',
  port: 8080
}
[2022-09-06T22:56:44.134] [ERROR] error - Error: listen EADDRINUSE: address already in use :::8080
    at Server.setupListenHandle [as _listen2] (node:net:1330:16)
    at listenInCluster (node:net:1378:12)
    at Server.listen (node:net:1465:7)
    at Object.<anonymous> (/Users/victorvega/Documents/Desafio_1/Desafio16/server.js:326:31)
    at Module._compile (node:internal/modules/cjs/loader:1103:14)
    at Object.Module._extensions..js (node:internal/modules/cjs/loader:1155:10)
    at Module.load (node:internal/modules/cjs/loader:981:32)
    at Function.Module._load (node:internal/modules/cjs/loader:822:12)
    at Function.executeUserEntryPoint [as runMain] (node:internal/modules/run_main:77:12)
    at node:internal/main/run_main_module:17:47 {
  code: 'EADDRINUSE',
  errno: -48,
  syscall: 'listen',
  address: '::',
  port: 8080
}
